<?xml version="1.0" encoding="UTF-8"?>
<!-- Generated by org.testng.reporters.JUnitReportReporter -->
<testsuite hostname="ROHIT-PC" failures="0" tests="2" name="WeekendLoanTest.ApplyWeekendLoanWithGuarantorTest" time="5.128" errors="0" timestamp="2025-02-27T16:34:27 IST" skipped="0">
  <testcase classname="WeekendLoanTest.ApplyWeekendLoanWithGuarantorTest" name="goToLoanPage" time="0.186"/>
  <testcase classname="WeekendLoanTest.ApplyWeekendLoanWithGuarantorTest" name="applyLoan" time="4.942"/>
</testsuite> <!-- WeekendLoanTest.ApplyWeekendLoanWithGuarantorTest -->
