<?xml version="1.0" encoding="UTF-8"?>
<!-- Generated by org.testng.reporters.JUnitReportReporter -->
<testsuite hostname="ROHIT-PC" failures="0" tests="2" name="WeekendLoanTest.ApplyWeekendLoanWithGuarantorTest"
           time="15.496" errors="0" timestamp="2025-03-05T10:57:21 IST" skipped="0">
    <testcase classname="WeekendLoanTest.ApplyWeekendLoanWithGuarantorTest" name="goToLoanPage" time="0.169"/>
    <testcase classname="WeekendLoanTest.ApplyWeekendLoanWithGuarantorTest" name="applyLoan" time="15.327"/>
</testsuite> <!-- WeekendLoanTest.ApplyWeekendLoanWithGuarantorTest -->
