<?xml version="1.0" encoding="UTF-8"?>
<!-- Generated by org.testng.reporters.JUnitReportReporter -->
<testsuite hostname="ROHIT-PC" failures="0" tests="2" name="WeekendLoanTest.ApplyWeekendLoanWithGuarantorTest" time="4.623" errors="0" timestamp="2025-02-27T15:48:47 IST" skipped="0">
  <testcase classname="WeekendLoanTest.ApplyWeekendLoanWithGuarantorTest" name="goToLoanPage" time="0.175"/>
  <testcase classname="WeekendLoanTest.ApplyWeekendLoanWithGuarantorTest" name="applyLoan" time="4.448"/>
</testsuite> <!-- WeekendLoanTest.ApplyWeekendLoanWithGuarantorTest -->
